<?xml version="1.0" encoding="UTF-8"?>
<!-- Generated by org.testng.reporters.JUnitReportReporter -->
<testsuite hostname="preethi" failures="0" tests="1" name="driverFactory.AppTest" time="31.921" errors="0" timestamp="2024-05-31T14:57:31 IST" skipped="0">
  <testcase classname="driverFactory.AppTest" name="kickStart" time="31.921"/>
  <system-out>
    <![CDATA[Stock-000001672   Stock-000001672
Supplier-00000003512   Supplier-00000002828]]>
  </system-out>
</testsuite> <!-- driverFactory.AppTest -->
