<?xml version="1.0" encoding="UTF-8"?>
<!-- Generated by org.testng.reporters.JUnitReportReporter -->
<testsuite hostname="preethi" failures="0" tests="1" name="driverFactory.AppTest" time="45.962" errors="0" timestamp="2024-06-03T13:31:42 IST" skipped="0">
  <testcase classname="driverFactory.AppTest" name="kickStart" time="45.962"/>
  <system-out>
    <![CDATA[Stock-000001689   Stock-000001689
Supplier-00000003525   Supplier-00000002828
Customer-00000006666   Customer-00000006666]]>
  </system-out>
</testsuite> <!-- driverFactory.AppTest -->
